[debug] [2022-03-04T10:39:33.225Z] ----------------------------------------------------------------------
[debug] [2022-03-04T10:39:33.226Z] Command:       C:\Program Files\nodejs\node.exe C:\Users\yasuy\AppData\Roaming\npm\node_modules\firebase-tools\lib\bin\firebase.js init
[debug] [2022-03-04T10:39:33.226Z] CLI Version:   10.2.2
[debug] [2022-03-04T10:39:33.226Z] Platform:      win32
[debug] [2022-03-04T10:39:33.227Z] Node Version:  v16.14.0
[debug] [2022-03-04T10:39:33.227Z] Time:          Fri Mar 04 2022 19:39:33 GMT+0900 (日本標準時)
[debug] [2022-03-04T10:39:33.227Z] ----------------------------------------------------------------------
[debug] 
[debug] [2022-03-04T10:39:33.232Z] > command requires scopes: ["email","openid","https://www.googleapis.com/auth/cloudplatformprojects.readonly","https://www.googleapis.com/auth/firebase","https://www.googleapis.com/auth/cloud-platform"]
[debug] [2022-03-04T10:39:33.232Z] > authorizing via signed-in user (okunichi250@gmail.com)
[info] 
     ######## #### ########  ######## ########     ###     ######  ########
     ##        ##  ##     ## ##       ##     ##  ##   ##  ##       ##
     ######    ##  ########  ######   ########  #########  ######  ######
     ##        ##  ##    ##  ##       ##     ## ##     ##       ## ##
     ##       #### ##     ## ######## ########  ##     ##  ######  ########

You're about to initialize a Firebase project in this directory:

  C:\Users\yasuy\ドキュメント\GitHub\test_new_notice

[info] 
=== Project Setup
[info] 
[info] First, let's associate this project directory with a Firebase project.
[info] You can create multiple project aliases by running firebase use --add, 
[info] but for now we'll just set up a default project.
[info] 
